<?xml version="1.0" encoding="UTF-8"?>
<!-- Generated by org.testng.reporters.JUnitXMLReporter -->
<testsuite ignored="0" hostname="DESKTOP-6HJLACR" failures="0" tests="3" name="Default test" time="0.185" errors="0" timestamp="2021-06-28T16:09:09 EDT">
  <testcase classname="com.testnganotationspractice.BuyTablet" name="HowMuchDoesTheTabletCost" time="0.019"/>
  <testcase classname="com.testnganotationspractice.BuyTablet" name="ICanBuyTheTablet" time="0.004"/>
  <testcase classname="com.testnganotationspractice.BuyTablet" name="TheTabletCosts1000Dollars" time="0.005"/>
</testsuite> <!-- Default test -->
